[2026-02-01T09:34:59.599Z] getSecretKey: Retrieved secret from process.env
[2026-02-01T09:35:15.884Z] getSession: Starting...
[2026-02-01T09:35:15.903Z] getSession: Found session token, decrypting...
[2026-02-01T09:35:15.904Z] getSecretKey: Retrieved secret from process.env
[2026-02-01T09:35:15.906Z] getSession: Decoded session for role: admin, userId: 31
[2026-02-01T09:35:15.907Z] getSession: Fetching user 31 from DB...
[2026-02-01T09:35:15.936Z] getSession: User found in DB
[2026-02-01T09:35:15.936Z] getSession: Success. Returning session.
[2026-02-01T09:35:15.958Z] getSession: Starting...
[2026-02-01T09:35:15.982Z] getSession: Found session token, decrypting...
[2026-02-01T09:35:15.985Z] getSession: Decoded session for role: admin, userId: 31
[2026-02-01T09:35:15.986Z] getSession: Fetching user 31 from DB...
[2026-02-01T09:35:15.988Z] getSession: User found in DB
[2026-02-01T09:35:15.988Z] getSession: Success. Returning session.
[2026-02-01T09:35:39.014Z] getSession: Starting...
[2026-02-01T09:35:39.032Z] getSession: Found session token, decrypting...
[2026-02-01T09:35:39.033Z] getSecretKey: Retrieved secret from process.env
[2026-02-01T09:35:39.038Z] getSession: Decoded session for role: admin, userId: 31
[2026-02-01T09:35:39.039Z] getSession: Fetching user 31 from DB...
[2026-02-01T09:35:39.065Z] getSession: User found in DB
[2026-02-01T09:35:39.065Z] getSession: Success. Returning session.
[2026-02-01T09:35:39.085Z] getSession: Starting...
[2026-02-01T09:35:39.097Z] getSession: Found session token, decrypting...
[2026-02-01T09:35:39.099Z] getSession: Decoded session for role: admin, userId: 31
[2026-02-01T09:35:39.099Z] getSession: Fetching user 31 from DB...
[2026-02-01T09:35:39.101Z] getSession: User found in DB
[2026-02-01T09:35:39.102Z] getSession: Success. Returning session.
[2026-02-01T09:36:28.579Z] RootLayout: Fetching session...
[2026-02-01T09:36:28.580Z] getSession: Starting...
[2026-02-01T09:36:28.599Z] getSession: Found session token, decrypting...
[2026-02-01T09:36:28.599Z] getSecretKey: Retrieved secret from process.env
[2026-02-01T09:36:28.601Z] getSession: Decoded session for role: admin, userId: 31
[2026-02-01T09:36:28.602Z] getSession: Fetching user 31 from DB...
[2026-02-01T09:36:28.635Z] getSession: User found in DB
[2026-02-01T09:36:28.635Z] getSession: Success. Returning session.
[2026-02-01T09:36:28.636Z] RootLayout: Session found: true, Role: admin
[2026-02-01T09:36:28.645Z] RootLayout: Fetching session...
[2026-02-01T09:36:28.645Z] getSession: Starting...
[2026-02-01T09:36:28.656Z] getSession: Found session token, decrypting...
[2026-02-01T09:36:28.658Z] getSession: Decoded session for role: admin, userId: 31
[2026-02-01T09:36:28.658Z] getSession: Fetching user 31 from DB...
[2026-02-01T09:36:28.660Z] getSession: User found in DB
[2026-02-01T09:36:28.660Z] getSession: Success. Returning session.
[2026-02-01T09:36:28.660Z] RootLayout: Session found: true, Role: admin
[2026-02-01T09:37:39.929Z] RootLayout: Fetching session...
[2026-02-01T09:37:39.931Z] getSession: Starting...
[2026-02-01T09:37:39.993Z] getSession: No 'session' cookie found
[2026-02-01T09:37:39.993Z] RootLayout: Session found: false, Role: undefined
[2026-02-01T09:42:52.501Z] RootLayout: Fetching session...
[2026-02-01T09:42:52.537Z] RootLayout: Fetching session...
[2026-02-01T09:42:54.896Z] RootLayout: Fetching session...
[2026-02-01T09:42:54.914Z] RootLayout: Fetching session...
[2026-02-01T09:42:54.930Z] RootLayout: Fetching session...
[2026-02-01T09:42:54.946Z] RootLayout: Fetching session...
[2026-02-01T09:42:54.967Z] RootLayout: Fetching session...
[2026-02-01T09:42:54.992Z] RootLayout: Fetching session...
[2026-02-01T09:42:55.012Z] RootLayout: Fetching session...
[2026-02-01T09:42:55.035Z] RootLayout: Fetching session...
[2026-02-01T09:42:55.054Z] RootLayout: Fetching session...
[2026-02-01T09:42:55.080Z] RootLayout: Fetching session...
[2026-02-01T09:42:55.099Z] RootLayout: Fetching session...
[2026-02-01T09:42:55.115Z] RootLayout: Fetching session...
[2026-02-01T09:42:55.135Z] RootLayout: Fetching session...
[2026-02-01T09:42:55.170Z] RootLayout: Fetching session...
[2026-02-01T09:42:55.200Z] RootLayout: Fetching session...
[2026-02-01T09:42:55.229Z] RootLayout: Fetching session...
[2026-02-01T09:42:55.250Z] RootLayout: Fetching session...
[2026-02-01T09:42:55.268Z] RootLayout: Fetching session...
[2026-02-01T09:42:55.286Z] RootLayout: Fetching session...
[2026-02-01T09:42:55.306Z] RootLayout: Fetching session...
[2026-02-01T09:42:55.325Z] RootLayout: Fetching session...
[2026-02-01T09:42:55.350Z] RootLayout: Fetching session...
[2026-02-01T09:42:55.371Z] RootLayout: Fetching session...
[2026-02-01T09:42:55.392Z] RootLayout: Fetching session...
[2026-02-01T09:42:55.410Z] RootLayout: Fetching session...
[2026-02-01T09:42:55.431Z] RootLayout: Fetching session...
[2026-02-01T09:42:55.450Z] RootLayout: Fetching session...
[2026-02-01T09:42:55.468Z] RootLayout: Fetching session...
[2026-02-01T09:42:55.485Z] RootLayout: Fetching session...
[2026-02-01T09:42:55.503Z] RootLayout: Fetching session...
[2026-02-01T09:42:55.526Z] RootLayout: Fetching session...
[2026-02-01T09:42:55.547Z] RootLayout: Fetching session...
[2026-02-01T09:42:55.563Z] RootLayout: Fetching session...
[2026-02-01T09:42:55.581Z] RootLayout: Fetching session...
[2026-02-01T09:42:55.606Z] RootLayout: Fetching session...
[2026-02-01T09:42:55.645Z] RootLayout: Fetching session...
[2026-02-01T09:42:55.661Z] RootLayout: Fetching session...
[2026-02-01T09:42:55.676Z] RootLayout: Fetching session...
[2026-02-01T09:42:55.691Z] RootLayout: Fetching session...
[2026-02-01T09:42:55.708Z] RootLayout: Fetching session...
[2026-02-01T09:42:55.725Z] RootLayout: Fetching session...
[2026-02-01T09:42:55.743Z] RootLayout: Fetching session...
[2026-02-01T09:42:55.759Z] RootLayout: Fetching session...
[2026-02-01T09:42:55.775Z] RootLayout: Fetching session...
[2026-02-01T09:42:55.790Z] RootLayout: Fetching session...
[2026-02-01T09:42:55.826Z] RootLayout: Fetching session...
[2026-02-01T09:42:55.856Z] RootLayout: Fetching session...
[2026-02-01T09:42:55.870Z] RootLayout: Fetching session...
[2026-02-01T09:42:55.886Z] RootLayout: Fetching session...
[2026-02-01T09:42:55.902Z] RootLayout: Fetching session...
[2026-02-01T09:42:55.918Z] RootLayout: Fetching session...
[2026-02-01T09:42:55.934Z] RootLayout: Fetching session...
[2026-02-01T09:42:55.950Z] RootLayout: Fetching session...
[2026-02-01T09:42:55.970Z] RootLayout: Fetching session...
[2026-02-01T09:42:55.988Z] RootLayout: Fetching session...
[2026-02-01T09:42:56.004Z] RootLayout: Fetching session...
[2026-02-01T09:42:56.023Z] RootLayout: Fetching session...
[2026-02-01T09:42:56.044Z] RootLayout: Fetching session...
[2026-02-01T09:42:56.061Z] RootLayout: Fetching session...
[2026-02-01T09:42:56.078Z] RootLayout: Fetching session...
[2026-02-01T09:42:56.095Z] RootLayout: Fetching session...
[2026-02-01T09:42:56.114Z] RootLayout: Fetching session...
[2026-02-01T09:42:56.130Z] RootLayout: Fetching session...
[2026-02-01T09:42:56.148Z] RootLayout: Fetching session...
[2026-02-01T09:42:56.167Z] RootLayout: Fetching session...
[2026-02-01T09:42:56.182Z] RootLayout: Fetching session...
[2026-02-01T09:42:56.199Z] RootLayout: Fetching session...
[2026-02-01T09:42:56.218Z] RootLayout: Fetching session...
[2026-02-01T09:42:56.245Z] RootLayout: Fetching session...
[2026-02-01T09:42:56.261Z] RootLayout: Fetching session...
[2026-02-01T09:42:56.277Z] RootLayout: Fetching session...
[2026-02-01T09:42:56.295Z] RootLayout: Fetching session...
[2026-02-01T09:42:56.312Z] RootLayout: Fetching session...
[2026-02-01T09:42:56.330Z] RootLayout: Fetching session...
[2026-02-01T09:42:56.346Z] RootLayout: Fetching session...
[2026-02-01T09:42:56.363Z] RootLayout: Fetching session...
[2026-02-01T09:42:56.379Z] RootLayout: Fetching session...
[2026-02-01T09:42:56.399Z] RootLayout: Fetching session...
[2026-02-01T09:42:56.416Z] RootLayout: Fetching session...
[2026-02-01T09:42:56.432Z] RootLayout: Fetching session...
[2026-02-01T09:42:56.449Z] RootLayout: Fetching session...
[2026-02-01T09:42:56.465Z] RootLayout: Fetching session...
[2026-02-01T09:42:56.482Z] RootLayout: Fetching session...
[2026-02-01T09:42:56.505Z] RootLayout: Fetching session...
[2026-02-01T09:42:56.522Z] RootLayout: Fetching session...
[2026-02-01T09:42:56.537Z] RootLayout: Fetching session...
[2026-02-01T09:42:56.553Z] RootLayout: Fetching session...
[2026-02-01T09:42:56.569Z] RootLayout: Fetching session...
[2026-02-01T09:42:56.585Z] RootLayout: Fetching session...
[2026-02-01T09:42:56.600Z] RootLayout: Fetching session...
[2026-02-01T09:42:56.616Z] RootLayout: Fetching session...
[2026-02-01T09:42:56.632Z] RootLayout: Fetching session...
[2026-02-01T09:42:56.647Z] RootLayout: Fetching session...
[2026-02-01T09:42:56.663Z] RootLayout: Fetching session...
[2026-02-01T09:42:56.678Z] RootLayout: Fetching session...
[2026-02-01T09:42:56.694Z] RootLayout: Fetching session...
[2026-02-01T09:42:56.710Z] RootLayout: Fetching session...
[2026-02-01T09:42:56.727Z] RootLayout: Fetching session...
[2026-02-01T09:42:56.746Z] RootLayout: Fetching session...
[2026-02-01T09:42:56.770Z] RootLayout: Fetching session...
[2026-02-01T09:42:56.786Z] RootLayout: Fetching session...
[2026-02-01T09:42:56.803Z] RootLayout: Fetching session...
[2026-02-01T09:42:56.820Z] RootLayout: Fetching session...
[2026-02-01T09:42:56.837Z] RootLayout: Fetching session...
[2026-02-01T09:42:56.852Z] RootLayout: Fetching session...
[2026-02-01T09:42:56.869Z] RootLayout: Fetching session...
[2026-02-01T09:42:56.885Z] RootLayout: Fetching session...
[2026-02-01T09:42:56.901Z] RootLayout: Fetching session...
[2026-02-01T09:42:56.916Z] RootLayout: Fetching session...
[2026-02-01T09:42:56.933Z] RootLayout: Fetching session...
[2026-02-01T09:42:56.949Z] RootLayout: Fetching session...
[2026-02-01T09:42:56.966Z] RootLayout: Fetching session...
[2026-02-01T09:42:56.982Z] RootLayout: Fetching session...
[2026-02-01T09:42:56.998Z] RootLayout: Fetching session...
[2026-02-01T09:42:57.021Z] RootLayout: Fetching session...
[2026-02-01T09:42:57.038Z] RootLayout: Fetching session...
[2026-02-01T09:43:24.205Z] RootLayout: Fetching session...
[2026-02-01T09:43:24.266Z] RootLayout: All cookies: [language, welcomebanner_status, cookieconsent_status, continueCode, __next_hmr_refresh_hash__]
[2026-02-01T09:43:24.267Z] getSession: Starting...
[2026-02-01T09:43:24.267Z] getSession: No 'session' cookie found
[2026-02-01T09:43:24.267Z] RootLayout: Session found: false, Role: undefined
[2026-02-01T09:44:01.071Z] RootLayout: Fetching session...
[2026-02-01T09:44:01.085Z] RootLayout: All cookies: [language, welcomebanner_status, cookieconsent_status, continueCode, __next_hmr_refresh_hash__]
[2026-02-01T09:44:01.085Z] getSession: Starting (NODE_ENV: development)...
[2026-02-01T09:44:01.086Z] getSession: No 'session' cookie found
[2026-02-01T09:44:01.086Z] RootLayout: Session found: false, Role: undefined
[2026-02-01T09:44:01.097Z] RootLayout: Fetching session...
[2026-02-01T09:44:01.106Z] RootLayout: All cookies: [language, welcomebanner_status, cookieconsent_status, continueCode, __next_hmr_refresh_hash__]
[2026-02-01T09:44:01.106Z] getSession: Starting (NODE_ENV: development)...
[2026-02-01T09:44:01.107Z] getSession: No 'session' cookie found
[2026-02-01T09:44:01.107Z] RootLayout: Session found: false, Role: undefined
[2026-02-01T09:57:09.476Z] RootLayout: Fetching session...
[2026-02-01T09:57:10.197Z] RootLayout: All cookies: [language, welcomebanner_status, cookieconsent_status, continueCode]
[2026-02-01T09:57:10.202Z] getSession: Starting (NODE_ENV: development)...
[2026-02-01T09:57:10.204Z] getSession: No 'session' cookie found
[2026-02-01T09:57:10.206Z] RootLayout: Session found: false, Role: undefined
[2026-02-01T09:57:41.030Z] getSecretKey: Retrieved secret from process.env
[2026-02-01T09:57:43.176Z] RootLayout: Fetching session...
[2026-02-01T09:57:43.189Z] AdminLayout: Checking session...
[2026-02-01T09:57:43.193Z] getSession: Starting (NODE_ENV: development)...
[2026-02-01T09:57:43.682Z] RootLayout: All cookies: [language, welcomebanner_status, cookieconsent_status, continueCode, session]
[2026-02-01T09:57:43.687Z] getSession: Found session token (length: 219), decrypting...
[2026-02-01T09:57:43.691Z] getSecretKey: Retrieved secret from process.env
[2026-02-01T09:57:43.719Z] getSession: Decoded session for role: admin, userId: 31
[2026-02-01T09:57:43.722Z] getSession: Fetching user 31 from DB...
[2026-02-01T09:57:43.823Z] getSession: User found in DB
[2026-02-01T09:57:43.824Z] getSession: Success. Returning session.
[2026-02-01T09:57:43.826Z] AdminLayout: Session found: true, Role: admin
[2026-02-01T09:57:43.827Z] RootLayout: Session found: true, Role: admin
[2026-02-01T09:57:57.835Z] getSession: Starting (NODE_ENV: development)...
[2026-02-01T09:57:57.840Z] getSession: Found session token (length: 219), decrypting...
[2026-02-01T09:57:57.856Z] getSession: Decoded session for role: admin, userId: 31
[2026-02-01T09:57:57.859Z] getSession: Fetching user 31 from DB...
[2026-02-01T09:57:57.881Z] getSession: User found in DB
[2026-02-01T09:57:57.882Z] getSession: Success. Returning session.
[2026-02-01T09:57:58.036Z] getSession: Starting (NODE_ENV: development)...
[2026-02-01T09:57:58.041Z] getSession: Found session token (length: 219), decrypting...
[2026-02-01T09:57:58.049Z] getSession: Decoded session for role: admin, userId: 31
[2026-02-01T09:57:58.051Z] getSession: Fetching user 31 from DB...
[2026-02-01T09:57:58.060Z] getSession: User found in DB
[2026-02-01T09:57:58.063Z] getSession: Success. Returning session.
[2026-02-01T09:58:03.705Z] getSession: Starting (NODE_ENV: development)...
[2026-02-01T09:58:03.715Z] getSession: Found session token (length: 219), decrypting...
[2026-02-01T09:58:03.723Z] getSession: Decoded session for role: admin, userId: 31
[2026-02-01T09:58:03.729Z] getSession: Fetching user 31 from DB...
[2026-02-01T09:58:03.743Z] getSession: User found in DB
[2026-02-01T09:58:03.746Z] getSession: Success. Returning session.
[2026-02-01T09:58:03.850Z] getSession: Starting (NODE_ENV: development)...
[2026-02-01T09:58:03.855Z] getSession: Found session token (length: 219), decrypting...
[2026-02-01T09:58:03.862Z] getSession: Decoded session for role: admin, userId: 31
[2026-02-01T09:58:03.864Z] getSession: Fetching user 31 from DB...
[2026-02-01T09:58:03.869Z] getSession: User found in DB
[2026-02-01T09:58:03.871Z] getSession: Success. Returning session.
[2026-02-01T10:19:37.918Z] RootLayout: Fetching session...
[2026-02-01T10:19:37.962Z] RootLayout: All cookies: [language, welcomebanner_status, cookieconsent_status, continueCode]
[2026-02-01T10:19:37.962Z] getSession: Starting (NODE_ENV: development)...
[2026-02-01T10:19:37.963Z] getSession: No 'session' cookie found
[2026-02-01T10:19:37.964Z] RootLayout: Session found: false, Role: undefined
[2026-02-01T10:20:03.465Z] RootLayout: Fetching session...
[2026-02-01T10:20:03.468Z] AdminLayout: Checking session...
[2026-02-01T10:20:03.469Z] getSession: Starting (NODE_ENV: development)...
[2026-02-01T10:20:03.510Z] RootLayout: All cookies: [language, welcomebanner_status, cookieconsent_status, continueCode, session]
[2026-02-01T10:20:03.512Z] getSession: Found session token (length: 219), decrypting...
[2026-02-01T10:20:03.518Z] getSession: Decoded session for role: admin, userId: 31
[2026-02-01T10:20:03.519Z] getSession: Fetching user 31 from DB...
[2026-02-01T10:20:03.526Z] getSession: User found in DB
[2026-02-01T10:20:03.527Z] getSession: Success. Returning session.
[2026-02-01T10:20:03.527Z] AdminLayout: Session found: true, Role: admin
[2026-02-01T10:20:03.528Z] RootLayout: Session found: true, Role: admin
[2026-02-01T10:20:11.105Z] getSession: Starting (NODE_ENV: development)...
[2026-02-01T10:20:11.109Z] getSession: Found session token (length: 219), decrypting...
[2026-02-01T10:20:11.112Z] getSession: Decoded session for role: admin, userId: 31
[2026-02-01T10:20:11.112Z] getSession: Fetching user 31 from DB...
[2026-02-01T10:20:11.116Z] getSession: User found in DB
[2026-02-01T10:20:11.117Z] getSession: Success. Returning session.
[2026-02-01T10:20:11.135Z] getSession: Starting (NODE_ENV: development)...
[2026-02-01T10:20:11.139Z] getSession: Found session token (length: 219), decrypting...
[2026-02-01T10:20:11.141Z] getSession: Decoded session for role: admin, userId: 31
[2026-02-01T10:20:11.141Z] getSession: Fetching user 31 from DB...
[2026-02-01T10:20:11.144Z] getSession: User found in DB
[2026-02-01T10:20:11.144Z] getSession: Success. Returning session.
[2026-02-01T10:39:54.229Z] RootLayout: Fetching session...
[2026-02-01T10:39:54.549Z] RootLayout: All cookies: [language, welcomebanner_status, cookieconsent_status, continueCode, session]
[2026-02-01T10:39:54.551Z] getSession: Starting (NODE_ENV: development)...
[2026-02-01T10:39:54.552Z] getSession: Found session token (length: 219), decrypting...
[2026-02-01T10:39:54.554Z] getSecretKey: Retrieved secret from process.env
[2026-02-01T10:39:54.569Z] getSession: Decoded session for role: admin, userId: 31
[2026-02-01T10:39:54.570Z] getSession: Fetching user 31 from DB...
[2026-02-01T10:39:54.642Z] getSession: User found in DB
[2026-02-01T10:39:54.643Z] getSession: Success. Returning session.
[2026-02-01T10:39:54.644Z] RootLayout: Session found: true, Role: admin
[2026-02-01T10:39:58.902Z] AdminLayout: Checking session...
[2026-02-01T10:39:58.903Z] getSession: Starting (NODE_ENV: development)...
[2026-02-01T10:39:58.933Z] getSession: Found session token (length: 219), decrypting...
[2026-02-01T10:39:58.938Z] getSession: Decoded session for role: admin, userId: 31
[2026-02-01T10:39:58.939Z] getSession: Fetching user 31 from DB...
[2026-02-01T10:39:58.944Z] getSession: User found in DB
[2026-02-01T10:39:58.945Z] getSession: Success. Returning session.
[2026-02-01T10:39:58.946Z] AdminLayout: Session found: true, Role: admin
[2026-02-02T09:10:04.682Z] RootLayout: Fetching session...
[2026-02-02T09:10:04.971Z] RootLayout: All cookies: [language, welcomebanner_status, cookieconsent_status, continueCode, session]
[2026-02-02T09:10:04.973Z] getSession: Starting (NODE_ENV: development)...
[2026-02-02T09:10:04.975Z] getSession: Found session token (length: 219), decrypting...
[2026-02-02T09:10:04.975Z] getSecretKey: Retrieved secret from process.env
[2026-02-02T09:10:04.993Z] getSession: Decoded session for role: admin, userId: 31
[2026-02-02T09:10:04.994Z] getSession: Fetching user 31 from DB...
[2026-02-02T09:10:05.149Z] getSession: User found in DB
[2026-02-02T09:10:05.150Z] getSession: Success. Returning session.
[2026-02-02T09:10:05.150Z] RootLayout: Session found: true, Role: admin
[2026-02-02T09:10:09.163Z] AdminLayout: Checking session...
[2026-02-02T09:10:09.165Z] getSession: Starting (NODE_ENV: development)...
[2026-02-02T09:10:09.226Z] getSession: Found session token (length: 219), decrypting...
[2026-02-02T09:10:09.232Z] getSession: Decoded session for role: admin, userId: 31
[2026-02-02T09:10:09.233Z] getSession: Fetching user 31 from DB...
[2026-02-02T09:10:09.246Z] getSession: User found in DB
[2026-02-02T09:10:09.247Z] getSession: Success. Returning session.
[2026-02-02T09:10:09.248Z] AdminLayout: Session found: true, Role: admin
[2026-02-02T10:04:25.554Z] RootLayout: Fetching session...
[2026-02-02T10:04:25.880Z] RootLayout: All cookies: [language, welcomebanner_status, cookieconsent_status, continueCode, session]
[2026-02-02T10:04:25.882Z] getSession: Starting (NODE_ENV: development)...
[2026-02-02T10:04:25.883Z] getSession: Found session token (length: 219), decrypting...
[2026-02-02T10:04:25.884Z] getSecretKey: Retrieved secret from process.env
[2026-02-02T10:04:25.897Z] getSession: Decoded session for role: admin, userId: 31
[2026-02-02T10:04:25.898Z] getSession: Fetching user 31 from DB...
[2026-02-02T10:04:25.985Z] getSession: User found in DB
[2026-02-02T10:04:25.985Z] getSession: Success. Returning session.
[2026-02-02T10:04:25.986Z] RootLayout: Session found: true, Role: admin
[2026-02-02T10:04:33.788Z] AdminLayout: Checking session...
[2026-02-02T10:04:33.789Z] getSession: Starting (NODE_ENV: development)...
[2026-02-02T10:04:33.817Z] getSession: Found session token (length: 219), decrypting...
[2026-02-02T10:04:33.819Z] getSession: Decoded session for role: admin, userId: 31
[2026-02-02T10:04:33.820Z] getSession: Fetching user 31 from DB...
[2026-02-02T10:04:33.827Z] getSession: User found in DB
[2026-02-02T10:04:33.828Z] getSession: Success. Returning session.
[2026-02-02T10:04:33.828Z] AdminLayout: Session found: true, Role: admin
